\BOOKMARK [0][-]{chapter.1}{Prefacio}{}% 1
\BOOKMARK [1][-]{section.1.1}{Indice\040de\040contenidos}{chapter.1}% 2
\BOOKMARK [0][-]{chapter.2}{Intro}{}% 3
\BOOKMARK [1][-]{section.2.1}{Manejarse\040en\040el\040entorno\040de\040R}{chapter.2}% 4
\BOOKMARK [1][-]{section.2.2}{Variables}{chapter.2}% 5
\BOOKMARK [1][-]{section.2.3}{Vectores}{chapter.2}% 6
\BOOKMARK [1][-]{section.2.4}{Tablas}{chapter.2}% 7
\BOOKMARK [1][-]{section.2.5}{Funciones}{chapter.2}% 8
\BOOKMARK [1][-]{section.2.6}{Paquetes}{chapter.2}% 9
\BOOKMARK [0][-]{chapter.3}{R\040para\040Explorar}{}% 10
\BOOKMARK [1][-]{section.3.1}{Leer\040datos}{chapter.3}% 11
\BOOKMARK [1][-]{section.3.2}{Acomodar\040datos}{chapter.3}% 12
\BOOKMARK [0][-]{chapter.4}{R\040para\040Predecir}{}% 13
\BOOKMARK [1][-]{section.4.1}{Correlación}{chapter.4}% 14
\BOOKMARK [1][-]{section.4.2}{Regresión}{chapter.4}% 15
\BOOKMARK [1][-]{section.4.3}{Proyectar\040\(Forecast\)}{chapter.4}% 16
\BOOKMARK [0][-]{chapter.5}{R\040para\040Visualizar}{}% 17
\BOOKMARK [1][-]{section.5.1}{Gráficos de dispersión}{chapter.5}% 18
\BOOKMARK [1][-]{section.5.2}{Histogramas}{chapter.5}% 19
\BOOKMARK [1][-]{section.5.3}{Redes}{chapter.5}% 20
\BOOKMARK [1][-]{section.5.4}{Mapas geográficos}{chapter.5}% 21
\BOOKMARK [0][-]{chapter.6}{R\040que\040R}{}% 22
\BOOKMARK [1][-]{section.6.1}{Tutoriales}{chapter.6}% 23
\BOOKMARK [1][-]{section.6.2}{Obtener\040ayuda}{chapter.6}% 24
\BOOKMARK [0][-]{chapter.7}{Sumario}{}% 25
